can_reach(1, 1).
can_reach(1, 2).
can_reach(1, 3).
can_reach(1, 4).
can_reach(1, 5).
can_reach(1, 6).
can_reach(1, 7).
can_reach(2, 1).
can_reach(2, 2).
can_reach(2, 3).
can_reach(2, 4).
can_reach(2, 5).
can_reach(2, 6).
can_reach(2, 7).
can_reach(3, 2).
can_reach(3, 3).
can_reach(3, 4).
can_reach(3, 5).
can_reach(3, 6).
can_reach(3, 7).
can_reach(4, 1).
can_reach(4, 2).
can_reach(4, 3).
can_reach(4, 4).
can_reach(4, 5).
can_reach(4, 6).
can_reach(4, 7).
can_reach(5, 1).
can_reach(5, 2).
can_reach(5, 4).
can_reach(5, 5).
can_reach(5, 6).
can_reach(5, 7).
can_reach(6, 1).
can_reach(6, 2).
can_reach(6, 3).
can_reach(6, 5).
can_reach(6, 6).
can_reach(6, 7).
can_reach(7, 1).
can_reach(7, 2).
can_reach(7, 3).
can_reach(7, 4).
can_reach(7, 6).
can_reach(7, 7).
